<?xml version="1.0" encoding="UTF-8"?>
<!-- Generated by org.testng.reporters.JUnitXMLReporter -->
<testsuite hostname="DESKTOP-JGEHULB" ignored="0" name="Default test" tests="4" failures="0" timestamp="2020-06-11T11:04:45 IST" time="6.572" errors="0">
  <testcase name="test_deleteResponse" time="3.544" classname="testCases.test_01"/>
  <testcase name="test_getResponse" time="0.726" classname="testCases.test_01"/>
  <testcase name="test_postResponse" time="0.737" classname="testCases.test_01"/>
  <testcase name="test_putResponse" time="0.717" classname="testCases.test_01"/>
</testsuite> <!-- Default test -->
