<?xml version="1.0" encoding="UTF-8"?>
<testng-results skipped="0" failed="0" ignored="0" total="4" passed="4">
  <reporter-output>
  </reporter-output>
  <suite name="Default suite" duration-ms="6572" started-at="2020-06-11T11:04:39 IST" finished-at="2020-06-11T11:04:45 IST">
    <groups>
    </groups>
    <test name="Default test" duration-ms="6572" started-at="2020-06-11T11:04:39 IST" finished-at="2020-06-11T11:04:45 IST">
      <class name="testCases.test_01">
        <test-method status="PASS" signature="setUpMethod()[pri:0, instance:testCases.test_01@64729b1e]" name="setUpMethod" is-config="true" duration-ms="754" started-at="2020-06-11T11:04:39 IST" finished-at="2020-06-11T11:04:39 IST">
          <reporter-output>
          </reporter-output>
        </test-method> <!-- setUpMethod -->
        <test-method status="PASS" signature="test_deleteResponse()[pri:0, instance:testCases.test_01@64729b1e]" name="test_deleteResponse" duration-ms="3544" started-at="2020-06-11T11:04:39 IST" finished-at="2020-06-11T11:04:43 IST">
          <reporter-output>
          </reporter-output>
        </test-method> <!-- test_deleteResponse -->
        <test-method status="PASS" signature="tearDownMethod()[pri:0, instance:testCases.test_01@64729b1e]" name="tearDownMethod" is-config="true" duration-ms="2" started-at="2020-06-11T11:04:43 IST" finished-at="2020-06-11T11:04:43 IST">
          <reporter-output>
          </reporter-output>
        </test-method> <!-- tearDownMethod -->
        <test-method status="PASS" signature="setUpMethod()[pri:0, instance:testCases.test_01@64729b1e]" name="setUpMethod" is-config="true" duration-ms="2" started-at="2020-06-11T11:04:43 IST" finished-at="2020-06-11T11:04:43 IST">
          <reporter-output>
          </reporter-output>
        </test-method> <!-- setUpMethod -->
        <test-method status="PASS" signature="test_getResponse()[pri:0, instance:testCases.test_01@64729b1e]" name="test_getResponse" duration-ms="726" started-at="2020-06-11T11:04:43 IST" finished-at="2020-06-11T11:04:44 IST">
          <reporter-output>
          </reporter-output>
        </test-method> <!-- test_getResponse -->
        <test-method status="PASS" signature="tearDownMethod()[pri:0, instance:testCases.test_01@64729b1e]" name="tearDownMethod" is-config="true" duration-ms="1" started-at="2020-06-11T11:04:44 IST" finished-at="2020-06-11T11:04:44 IST">
          <reporter-output>
          </reporter-output>
        </test-method> <!-- tearDownMethod -->
        <test-method status="PASS" signature="setUpMethod()[pri:0, instance:testCases.test_01@64729b1e]" name="setUpMethod" is-config="true" duration-ms="2" started-at="2020-06-11T11:04:44 IST" finished-at="2020-06-11T11:04:44 IST">
          <reporter-output>
          </reporter-output>
        </test-method> <!-- setUpMethod -->
        <test-method status="PASS" signature="test_postResponse()[pri:0, instance:testCases.test_01@64729b1e]" name="test_postResponse" duration-ms="737" started-at="2020-06-11T11:04:44 IST" finished-at="2020-06-11T11:04:44 IST">
          <reporter-output>
          </reporter-output>
        </test-method> <!-- test_postResponse -->
        <test-method status="PASS" signature="tearDownMethod()[pri:0, instance:testCases.test_01@64729b1e]" name="tearDownMethod" is-config="true" duration-ms="1" started-at="2020-06-11T11:04:44 IST" finished-at="2020-06-11T11:04:44 IST">
          <reporter-output>
          </reporter-output>
        </test-method> <!-- tearDownMethod -->
        <test-method status="PASS" signature="setUpMethod()[pri:0, instance:testCases.test_01@64729b1e]" name="setUpMethod" is-config="true" duration-ms="1" started-at="2020-06-11T11:04:44 IST" finished-at="2020-06-11T11:04:44 IST">
          <reporter-output>
          </reporter-output>
        </test-method> <!-- setUpMethod -->
        <test-method status="PASS" signature="test_putResponse()[pri:0, instance:testCases.test_01@64729b1e]" name="test_putResponse" duration-ms="717" started-at="2020-06-11T11:04:44 IST" finished-at="2020-06-11T11:04:45 IST">
          <reporter-output>
          </reporter-output>
        </test-method> <!-- test_putResponse -->
        <test-method status="PASS" signature="tearDownMethod()[pri:0, instance:testCases.test_01@64729b1e]" name="tearDownMethod" is-config="true" duration-ms="1" started-at="2020-06-11T11:04:45 IST" finished-at="2020-06-11T11:04:45 IST">
          <reporter-output>
          </reporter-output>
        </test-method> <!-- tearDownMethod -->
      </class> <!-- testCases.test_01 -->
    </test> <!-- Default test -->
  </suite> <!-- Default suite -->
</testng-results>
